Flow report for LidarFrameView
Thu May 25 02:11:50 2017
Quartus II 64-Bit Version 11.0 Build 157 04/27/2011 SJ Full Version


---------------------
; Table of Contents ;
---------------------
  1. Legal Notice
  2. Flow Summary
  3. Flow Settings
  4. Flow Non-Default Global Settings
  5. Flow Elapsed Time
  6. Flow OS Summary
  7. Flow Log



----------------
; Legal Notice ;
----------------
Copyright (C) 1991-2011 Altera Corporation
Your use of Altera Corporation's design tools, logic functions 
and other software and tools, and its AMPP partner logic 
functions, and any output files from any of the foregoing 
(including device programming or simulation files), and any 
associated documentation or information are expressly subject 
to the terms and conditions of the Altera Program License 
Subscription Agreement, Altera MegaCore Function License 
Agreement, or other applicable license agreement, including, 
without limitation, that your use is for the sole purpose of 
programming logic devices manufactured by Altera and sold by 
Altera or its authorized distributors.  Please refer to the 
applicable agreement for further details.



+-----------------------------------------------------------------------+
; Flow Summary                                                          ;
+---------------------------+-------------------------------------------+
; Flow Status               ; Successful - Thu May 25 02:11:50 2017     ;
; Quartus II 64-Bit Version ; 11.0 Build 157 04/27/2011 SJ Full Version ;
; Revision Name             ; LidarFrameView                            ;
; Top-level Entity Name     ; LidarFrameView                            ;
; Family                    ; Cyclone                                   ;
; Device                    ; EP1C3T100C8                               ;
; Timing Models             ; Final                                     ;
; Total logic elements      ; 376 / 2,910 ( 13 % )                      ;
; Total pins                ; 21 / 65 ( 32 % )                          ;
; Total virtual pins        ; 0                                         ;
; Total memory bits         ; 8,192 / 59,904 ( 14 % )                   ;
; Total PLLs                ; 0 / 1 ( 0 % )                             ;
+---------------------------+-------------------------------------------+


+-----------------------------------------+
; Flow Settings                           ;
+-------------------+---------------------+
; Option            ; Setting             ;
+-------------------+---------------------+
; Start date & time ; 05/25/2017 02:11:28 ;
; Main task         ; Compilation         ;
; Revision Name     ; LidarFrameView      ;
+-------------------+---------------------+


+-------------------------------------------------------------------------------------------------------------------------------------+
; Flow Non-Default Global Settings                                                                                                    ;
+--------------------------------------+---------------------------------------+---------------+-------------+------------------------+
; Assignment Name                      ; Value                                 ; Default Value ; Entity Name ; Section Id             ;
+--------------------------------------+---------------------------------------+---------------+-------------+------------------------+
; COMPILER_SIGNATURE_ID                ; 106564203935201.149564948713452       ; --            ; --          ; --                     ;
; EDA_DESIGN_INSTANCE_NAME             ; NA                                    ; --            ; --          ; LidarFrameView_vlg_tst ;
; EDA_NATIVELINK_SIMULATION_TEST_BENCH ; LidarFrameView_vlg_tst                ; --            ; --          ; eda_simulation         ;
; EDA_OUTPUT_DATA_FORMAT               ; Verilog Hdl                           ; --            ; --          ; eda_simulation         ;
; EDA_SIMULATION_TOOL                  ; ModelSim-Altera (Verilog)             ; <None>        ; --          ; --                     ;
; EDA_TEST_BENCH_ENABLE_STATUS         ; TEST_BENCH_MODE                       ; --            ; --          ; eda_simulation         ;
; EDA_TEST_BENCH_FILE                  ; simulation/modelsim/LidarFrameView.vt ; --            ; --          ; LidarFrameView_vlg_tst ;
; EDA_TEST_BENCH_MODULE_NAME           ; LidarFrameView_vlg_tst                ; --            ; --          ; LidarFrameView_vlg_tst ;
; EDA_TEST_BENCH_NAME                  ; LidarFrameView_vlg_tst                ; --            ; --          ; eda_simulation         ;
; EDA_TIME_SCALE                       ; 1 ns                                  ; --            ; --          ; eda_simulation         ;
; IP_TOOL_NAME                         ; FIFO                                  ; --            ; --          ; --                     ;
; IP_TOOL_VERSION                      ; 11.0                                  ; --            ; --          ; --                     ;
; MISC_FILE                            ; senddcfifo.bsf                        ; --            ; --          ; --                     ;
; MISC_FILE                            ; senddcfifo_inst.v                     ; --            ; --          ; --                     ;
; MISC_FILE                            ; senddcfifo_bb.v                       ; --            ; --          ; --                     ;
; PARTITION_COLOR                      ; 16764057                              ; --            ; --          ; Top                    ;
; PARTITION_FITTER_PRESERVATION_LEVEL  ; PLACEMENT_AND_ROUTING                 ; --            ; --          ; Top                    ;
; PARTITION_NETLIST_TYPE               ; SOURCE                                ; --            ; --          ; Top                    ;
; POWER_BOARD_THERMAL_MODEL            ; None (CONSERVATIVE)                   ; --            ; --          ; --                     ;
; POWER_PRESET_COOLING_SOLUTION        ; 23 MM HEAT SINK WITH 200 LFPM AIRFLOW ; --            ; --          ; --                     ;
; PROJECT_OUTPUT_DIRECTORY             ; output_files                          ; --            ; --          ; --                     ;
+--------------------------------------+---------------------------------------+---------------+-------------+------------------------+


+-------------------------------------------------------------------------------------------------------------------------------+
; Flow Elapsed Time                                                                                                             ;
+---------------------------+--------------+-------------------------+---------------------+------------------------------------+
; Module Name               ; Elapsed Time ; Average Processors Used ; Peak Virtual Memory ; Total CPU Time (on all processors) ;
+---------------------------+--------------+-------------------------+---------------------+------------------------------------+
; Analysis & Synthesis      ; 00:00:08     ; 1.0                     ; 385 MB              ; 00:00:07                           ;
; Fitter                    ; 00:00:06     ; 1.0                     ; 463 MB              ; 00:00:05                           ;
; Assembler                 ; 00:00:01     ; 1.0                     ; 327 MB              ; 00:00:01                           ;
; TimeQuest Timing Analyzer ; 00:00:02     ; 1.0                     ; 357 MB              ; 00:00:02                           ;
; EDA Netlist Writer        ; 00:00:01     ; 1.0                     ; 305 MB              ; 00:00:01                           ;
; Total                     ; 00:00:18     ; --                      ; --                  ; 00:00:16                           ;
+---------------------------+--------------+-------------------------+---------------------+------------------------------------+


+----------------------------------------------------------------------------------------+
; Flow OS Summary                                                                        ;
+---------------------------+------------------+-----------+------------+----------------+
; Module Name               ; Machine Hostname ; OS Name   ; OS Version ; Processor type ;
+---------------------------+------------------+-----------+------------+----------------+
; Analysis & Synthesis      ; KoreyChenPC      ; Windows 7 ; 6.2        ; x86_64         ;
; Fitter                    ; KoreyChenPC      ; Windows 7 ; 6.2        ; x86_64         ;
; Assembler                 ; KoreyChenPC      ; Windows 7 ; 6.2        ; x86_64         ;
; TimeQuest Timing Analyzer ; KoreyChenPC      ; Windows 7 ; 6.2        ; x86_64         ;
; EDA Netlist Writer        ; KoreyChenPC      ; Windows 7 ; 6.2        ; x86_64         ;
+---------------------------+------------------+-----------+------------+----------------+


------------
; Flow Log ;
------------
quartus_map --read_settings_files=on --write_settings_files=off LidarFrameView -c LidarFrameView
quartus_fit --read_settings_files=off --write_settings_files=off LidarFrameView -c LidarFrameView
quartus_asm --read_settings_files=off --write_settings_files=off LidarFrameView -c LidarFrameView
quartus_sta LidarFrameView -c LidarFrameView
quartus_eda --read_settings_files=off --write_settings_files=off LidarFrameView -c LidarFrameView



